<?xml version="1.0" encoding="UTF-8"?>
<testng-results ignored="0" total="2" passed="2" failed="0" skipped="0">
  <reporter-output>
  </reporter-output>
  <suite started-at="2021-12-20T16:12:20 TRT" name="Default suite" finished-at="2021-12-20T16:13:24 TRT" duration-ms="64102">
    <groups>
    </groups>
    <test started-at="2021-12-20T16:12:20 TRT" name="Default test" finished-at="2021-12-20T16:13:24 TRT" duration-ms="64102">
      <class name="test.Scenerious">
        <test-method is-config="true" signature="setup()[pri:0, instance:test.Scenerious@63355449]" started-at="2021-12-20T16:12:20 TRT" name="setup" finished-at="2021-12-20T16:12:40 TRT" duration-ms="19928" status="PASS">
          <reporter-output>
          </reporter-output>
        </test-method> <!-- setup -->
        <test-method signature="test1()[pri:0, instance:test.Scenerious@63355449]" started-at="2021-12-20T16:12:40 TRT" name="test1" finished-at="2021-12-20T16:12:51 TRT" duration-ms="10730" status="PASS">
          <reporter-output>
          </reporter-output>
        </test-method> <!-- test1 -->
        <test-method is-config="true" signature="teardown()[pri:0, instance:test.Scenerious@63355449]" started-at="2021-12-20T16:12:51 TRT" name="teardown" finished-at="2021-12-20T16:12:51 TRT" duration-ms="551" status="PASS">
          <reporter-output>
          </reporter-output>
        </test-method> <!-- teardown -->
        <test-method is-config="true" signature="setup()[pri:0, instance:test.Scenerious@63355449]" started-at="2021-12-20T16:12:51 TRT" name="setup" finished-at="2021-12-20T16:13:05 TRT" duration-ms="13589" status="PASS">
          <reporter-output>
          </reporter-output>
        </test-method> <!-- setup -->
        <test-method signature="test2()[pri:0, instance:test.Scenerious@63355449]" started-at="2021-12-20T16:13:05 TRT" name="test2" finished-at="2021-12-20T16:13:23 TRT" duration-ms="18409" status="PASS">
          <reporter-output>
          </reporter-output>
        </test-method> <!-- test2 -->
        <test-method is-config="true" signature="teardown()[pri:0, instance:test.Scenerious@63355449]" started-at="2021-12-20T16:13:23 TRT" name="teardown" finished-at="2021-12-20T16:13:24 TRT" duration-ms="833" status="PASS">
          <reporter-output>
          </reporter-output>
        </test-method> <!-- teardown -->
      </class> <!-- test.Scenerious -->
    </test> <!-- Default test -->
  </suite> <!-- Default suite -->
</testng-results>
